<?xml version="1.0" encoding="UTF-8"?>
<testng-results skipped="0" failed="0" total="1" passed="1">
  <reporter-output>
  </reporter-output>
  <suite name="Suite" duration-ms="103" started-at="2016-11-17T03:58:48Z" finished-at="2016-11-17T03:58:48Z">
    <groups>
    </groups>
    <test name="Test" duration-ms="103" started-at="2016-11-17T03:58:48Z" finished-at="2016-11-17T03:58:48Z">
      <class name="NewTest">
        <test-method status="PASS" signature="f()[pri:0, instance:NewTest@4909b8da]" name="f" duration-ms="37" started-at="2016-11-16T22:58:48Z" finished-at="2016-11-16T22:58:48Z">
          <reporter-output>
          </reporter-output>
        </test-method> <!-- f -->
      </class> <!-- NewTest -->
    </test> <!-- Test -->
  </suite> <!-- Suite -->
</testng-results>
